
======================================================================================


--------------------------------------------------------------------------------------

日志时间：2026-02-21 13:01:45,595 [4] 
日志级别：ERROR 
日 志 类：类名：NF.BLL
	方法名：GetConsoleMsgNumber [(null)] 
GetConsoleMsgNumber--》msgInfo.PedingNum:列名 'Isktz' 无效。
列名 'UsIds' 无效。 


--------------------------------------------------------------------------------------

日志时间：2026-02-21 13:02:14,720 [11] 
日志级别：ERROR 
日 志 类：类名：NF.BLL
	方法名：GetConsoleMsgNumber [(null)] 
GetConsoleMsgNumber--》msgInfo.PedingNum:列名 'Isktz' 无效。
列名 'UsIds' 无效。 

======================================================================================


--------------------------------------------------------------------------------------

日志时间：2026-02-21 13:09:51,899 [18] 
日志级别：ERROR 
日 志 类：类名：NF.BLL
	方法名：GetConsoleMsgNumber [(null)] 
GetConsoleMsgNumber--》msgInfo.PedingNum:列名 'Isktz' 无效。
列名 'UsIds' 无效。 


--------------------------------------------------------------------------------------

日志时间：2026-02-21 13:10:05,905 [17] 
日志级别：ERROR 
日 志 类：类名：NF.BLL
	方法名：GetConsoleMsgNumber [(null)] 
GetConsoleMsgNumber--》msgInfo.PedingNum:列名 'Isktz' 无效。
列名 'UsIds' 无效。 
