
======================================================================================


--------------------------------------------------------------------------------------

日志时间：2021-07-06 10:04:00,032 [10] 
日志级别：ERROR 
日 志 类：类名：NF.Web.Utility.TimeJob
	方法名：OpLogRedisListToDb [(null)] 
Object reference not set to an instance of an object. 


--------------------------------------------------------------------------------------

日志时间：2021-07-06 10:04:20,010 [25] 
日志级别：ERROR 
日 志 类：类名：NF.Web.Utility.TimeJob
	方法名：OpLogRedisListToDb [(null)] 
Object reference not set to an instance of an object. 


--------------------------------------------------------------------------------------

日志时间：2021-07-06 10:04:30,014 [29] 
日志级别：ERROR 
日 志 类：类名：NF.Web.Utility.TimeJob
	方法名：OpLogRedisListToDb [(null)] 
Object reference not set to an instance of an object. 


--------------------------------------------------------------------------------------

日志时间：2021-07-06 10:04:40,012 [25] 
日志级别：ERROR 
日 志 类：类名：NF.Web.Utility.TimeJob
	方法名：OpLogRedisListToDb [(null)] 
Object reference not set to an instance of an object. 

======================================================================================


--------------------------------------------------------------------------------------

日志时间：2021-07-06 10:14:00,040 [12] 
日志级别：ERROR 
日 志 类：类名：NF.Web.Utility.TimeJob
	方法名：OpLogRedisListToDb [(null)] 
Object reference not set to an instance of an object. 

======================================================================================


--------------------------------------------------------------------------------------

日志时间：2021-07-06 10:41:00,033 [33] 
日志级别：ERROR 
日 志 类：类名：NF.Web.Utility.TimeJob
	方法名：OpLogRedisListToDb [(null)] 
Object reference not set to an instance of an object. 
